SF:lib\core\platform\network\network_info.dart
DA:10,1
DA:12,1
DA:14,2
LF:3
LH:3
end_of_record
SF:lib\features\products\data\datasources\product_remote_datasource.dart
DA:21,1
DA:23,1
DA:25,1
DA:27,3
DA:29,2
DA:30,1
DA:31,2
DA:32,1
DA:33,5
DA:36,1
DA:40,1
DA:42,2
DA:44,3
DA:46,2
DA:47,2
DA:49,1
DA:53,1
DA:55,1
DA:56,2
DA:57,2
DA:58,1
DA:59,1
DA:60,1
DA:61,1
DA:62,1
DA:63,1
DA:64,1
DA:65,1
DA:66,1
DA:67,1
DA:69,1
DA:71,2
DA:72,2
DA:74,1
LF:34
LH:34
end_of_record
SF:lib\features\products\data\models\product_model.dart
DA:6,5
DA:17,2
DA:30,2
DA:31,4
DA:33,4
DA:34,2
DA:35,2
DA:36,2
DA:37,2
DA:38,2
DA:39,2
DA:40,2
DA:41,2
DA:42,2
DA:43,2
DA:46,6
DA:48,4
DA:49,2
DA:50,2
DA:51,2
DA:52,2
DA:53,2
DA:54,2
DA:55,2
DA:56,2
DA:57,2
DA:58,2
LF:27
LH:27
end_of_record
SF:lib\features\products\domain\entities\product.dart
DA:16,9
DA:29,2
DA:30,2
DA:31,2
DA:32,2
DA:33,2
DA:34,2
DA:35,2
DA:36,2
DA:37,2
DA:38,2
DA:39,2
DA:40,2
LF:13
LH:13
end_of_record
SF:lib\core\error\failure.dart
DA:5,5
DA:7,0
DA:8,0
DA:14,5
DA:15,0
DA:19,0
DA:20,0
DA:24,5
DA:25,0
LF:9
LH:3
end_of_record
SF:lib\features\products\data\repositories\product_repository_imp.dart
DA:13,1
DA:18,1
DA:20,2
DA:22,3
DA:23,1
DA:31,1
DA:33,2
DA:35,3
DA:36,1
DA:44,1
DA:46,2
DA:48,3
DA:49,1
LF:13
LH:13
end_of_record
SF:lib\features\products\domain\usecases\create_product_usecase.dart
DA:9,1
DA:11,0
DA:12,0
LF:3
LH:1
end_of_record
SF:lib\features\products\domain\usecases\get_product_by_id_usecase.dart
DA:9,1
DA:11,1
DA:12,2
LF:3
LH:3
end_of_record
SF:lib\features\products\domain\usecases\get_all_products_usecase.dart
DA:9,1
DA:11,1
DA:12,2
LF:3
LH:3
end_of_record
